mode: set
famcscoin-backend/internal/repository/bet_repository.go:25.57,27.2 1 1
famcscoin-backend/internal/repository/bet_repository.go:29.95,39.16 3 1
famcscoin-backend/internal/repository/bet_repository.go:39.16,41.3 1 1
famcscoin-backend/internal/repository/bet_repository.go:42.2,45.18 3 1
famcscoin-backend/internal/repository/bet_repository.go:45.18,48.173 3 1
famcscoin-backend/internal/repository/bet_repository.go:48.173,50.12 2 1
famcscoin-backend/internal/repository/bet_repository.go:52.3,59.20 5 1
famcscoin-backend/internal/repository/bet_repository.go:59.20,62.86 3 1
famcscoin-backend/internal/repository/bet_repository.go:62.86,64.5 1 1
famcscoin-backend/internal/repository/bet_repository.go:66.3,68.25 2 1
famcscoin-backend/internal/repository/bet_repository.go:70.2,70.18 1 1
famcscoin-backend/internal/repository/bet_repository.go:73.86,77.2 3 1
famcscoin-backend/internal/repository/bet_repository.go:79.121,81.16 2 1
famcscoin-backend/internal/repository/bet_repository.go:81.16,83.3 1 1
famcscoin-backend/internal/repository/bet_repository.go:84.2,89.16 5 1
famcscoin-backend/internal/repository/bet_repository.go:89.16,91.3 1 1
famcscoin-backend/internal/repository/bet_repository.go:93.2,93.52 1 1
famcscoin-backend/internal/repository/bet_repository.go:93.52,95.3 1 1
famcscoin-backend/internal/repository/bet_repository.go:97.2,99.16 3 1
famcscoin-backend/internal/repository/bet_repository.go:99.16,101.3 1 1
famcscoin-backend/internal/repository/bet_repository.go:103.2,103.22 1 1
famcscoin-backend/internal/repository/bet_repository.go:103.22,105.3 1 1
famcscoin-backend/internal/repository/bet_repository.go:107.2,108.16 2 1
famcscoin-backend/internal/repository/bet_repository.go:108.16,110.3 1 1
famcscoin-backend/internal/repository/bet_repository.go:112.2,113.16 2 1
famcscoin-backend/internal/repository/bet_repository.go:113.16,115.3 1 1
famcscoin-backend/internal/repository/bet_repository.go:117.2,118.16 2 1
famcscoin-backend/internal/repository/bet_repository.go:118.16,120.3 1 1
famcscoin-backend/internal/repository/bet_repository.go:122.2,122.23 1 1
famcscoin-backend/internal/repository/bet_repository.go:125.93,127.16 2 1
famcscoin-backend/internal/repository/bet_repository.go:127.16,129.3 1 1
famcscoin-backend/internal/repository/bet_repository.go:130.2,134.16 3 1
famcscoin-backend/internal/repository/bet_repository.go:134.16,136.3 1 1
famcscoin-backend/internal/repository/bet_repository.go:139.2,142.16 4 1
famcscoin-backend/internal/repository/bet_repository.go:142.16,142.30 1 1
famcscoin-backend/internal/repository/bet_repository.go:144.2,145.16 2 1
famcscoin-backend/internal/repository/bet_repository.go:145.16,145.30 1 1
famcscoin-backend/internal/repository/bet_repository.go:147.2,147.21 1 1
famcscoin-backend/internal/repository/bet_repository.go:147.21,150.17 2 1
famcscoin-backend/internal/repository/bet_repository.go:150.17,150.31 1 1
famcscoin-backend/internal/repository/bet_repository.go:151.3,159.19 4 1
famcscoin-backend/internal/repository/bet_repository.go:159.19,161.68 2 1
famcscoin-backend/internal/repository/bet_repository.go:161.68,163.5 1 1
famcscoin-backend/internal/repository/bet_repository.go:165.3,167.29 2 1
famcscoin-backend/internal/repository/bet_repository.go:167.29,170.18 3 1
famcscoin-backend/internal/repository/bet_repository.go:170.18,170.32 1 1
famcscoin-backend/internal/repository/bet_repository.go:172.4,173.18 2 1
famcscoin-backend/internal/repository/bet_repository.go:173.18,173.32 1 0
famcscoin-backend/internal/repository/bet_repository.go:175.4,176.18 2 1
famcscoin-backend/internal/repository/bet_repository.go:176.18,176.32 1 0
famcscoin-backend/internal/repository/bet_repository.go:180.2,180.23 1 1
famcscoin-backend/internal/repository/feedback_repository.go:20.67,22.2 1 1
famcscoin-backend/internal/repository/feedback_repository.go:24.91,32.16 3 1
famcscoin-backend/internal/repository/feedback_repository.go:32.16,34.3 1 0
famcscoin-backend/internal/repository/feedback_repository.go:35.2,38.18 3 1
famcscoin-backend/internal/repository/feedback_repository.go:38.18,40.100 2 1
famcscoin-backend/internal/repository/feedback_repository.go:40.100,42.4 1 1
famcscoin-backend/internal/repository/feedback_repository.go:44.2,44.23 1 1
famcscoin-backend/internal/repository/feedback_repository.go:47.99,50.2 2 1
famcscoin-backend/internal/repository/feedback_repository.go:52.93,55.2 2 1
famcscoin-backend/internal/repository/shop_repository.go:25.59,27.2 1 1
famcscoin-backend/internal/repository/shop_repository.go:29.97,37.16 3 1
famcscoin-backend/internal/repository/shop_repository.go:37.16,39.3 1 1
famcscoin-backend/internal/repository/shop_repository.go:40.2,43.18 3 1
famcscoin-backend/internal/repository/shop_repository.go:43.18,46.143 3 1
famcscoin-backend/internal/repository/shop_repository.go:46.143,48.12 2 1
famcscoin-backend/internal/repository/shop_repository.go:51.3,52.30 2 1
famcscoin-backend/internal/repository/shop_repository.go:54.2,54.19 1 1
famcscoin-backend/internal/repository/shop_repository.go:57.89,61.2 3 1
famcscoin-backend/internal/repository/shop_repository.go:63.79,65.16 2 1
famcscoin-backend/internal/repository/shop_repository.go:65.16,67.3 1 1
famcscoin-backend/internal/repository/shop_repository.go:68.2,72.16 3 1
famcscoin-backend/internal/repository/shop_repository.go:72.16,74.3 1 1
famcscoin-backend/internal/repository/shop_repository.go:76.2,81.18 3 1
famcscoin-backend/internal/repository/shop_repository.go:81.18,85.55 4 1
famcscoin-backend/internal/repository/shop_repository.go:85.55,89.4 2 1
famcscoin-backend/internal/repository/shop_repository.go:91.2,93.30 2 1
famcscoin-backend/internal/repository/shop_repository.go:93.30,95.17 2 1
famcscoin-backend/internal/repository/shop_repository.go:95.17,97.4 1 1
famcscoin-backend/internal/repository/shop_repository.go:98.3,99.17 2 1
famcscoin-backend/internal/repository/shop_repository.go:99.17,101.4 1 1
famcscoin-backend/internal/repository/shop_repository.go:104.2,105.16 2 1
famcscoin-backend/internal/repository/shop_repository.go:105.16,107.3 1 1
famcscoin-backend/internal/repository/shop_repository.go:110.2,119.30 2 1
famcscoin-backend/internal/repository/shop_repository.go:119.30,127.3 1 1
famcscoin-backend/internal/repository/shop_repository.go:129.2,129.23 1 1
famcscoin-backend/internal/repository/shop_repository.go:132.90,134.16 2 1
famcscoin-backend/internal/repository/shop_repository.go:134.16,136.3 1 1
famcscoin-backend/internal/repository/shop_repository.go:137.2,142.16 4 1
famcscoin-backend/internal/repository/shop_repository.go:142.16,144.3 1 1
famcscoin-backend/internal/repository/shop_repository.go:147.2,149.16 3 1
famcscoin-backend/internal/repository/shop_repository.go:149.16,151.3 1 1
famcscoin-backend/internal/repository/shop_repository.go:154.2,156.40 3 1
famcscoin-backend/internal/repository/shop_repository.go:156.40,158.3 1 1
famcscoin-backend/internal/repository/shop_repository.go:160.2,162.21 2 1
famcscoin-backend/internal/repository/shop_repository.go:162.21,164.3 1 1
famcscoin-backend/internal/repository/shop_repository.go:167.2,168.16 2 1
famcscoin-backend/internal/repository/shop_repository.go:168.16,170.3 1 1
famcscoin-backend/internal/repository/shop_repository.go:173.2,177.16 2 1
famcscoin-backend/internal/repository/shop_repository.go:177.16,179.3 1 1
famcscoin-backend/internal/repository/shop_repository.go:181.2,182.16 2 1
famcscoin-backend/internal/repository/shop_repository.go:182.16,184.3 1 1
famcscoin-backend/internal/repository/shop_repository.go:186.2,186.23 1 1
famcscoin-backend/internal/repository/shop_repository.go:189.91,192.16 2 1
famcscoin-backend/internal/repository/shop_repository.go:192.16,194.3 1 1
famcscoin-backend/internal/repository/shop_repository.go:195.2,200.16 4 1
famcscoin-backend/internal/repository/shop_repository.go:200.16,202.3 1 1
famcscoin-backend/internal/repository/shop_repository.go:205.2,207.16 3 1
famcscoin-backend/internal/repository/shop_repository.go:207.16,209.3 1 1
famcscoin-backend/internal/repository/shop_repository.go:212.2,214.16 3 1
famcscoin-backend/internal/repository/shop_repository.go:214.16,215.27 1 1
famcscoin-backend/internal/repository/shop_repository.go:215.27,217.4 1 0
famcscoin-backend/internal/repository/shop_repository.go:218.3,218.13 1 1
famcscoin-backend/internal/repository/shop_repository.go:221.2,221.14 1 1
famcscoin-backend/internal/repository/shop_repository.go:221.14,223.3 1 1
famcscoin-backend/internal/repository/shop_repository.go:225.2,229.16 3 1
famcscoin-backend/internal/repository/shop_repository.go:229.16,231.3 1 1
famcscoin-backend/internal/repository/shop_repository.go:233.2,233.14 1 1
famcscoin-backend/internal/repository/shop_repository.go:233.14,235.3 1 1
famcscoin-backend/internal/repository/shop_repository.go:235.8,237.3 1 1
famcscoin-backend/internal/repository/shop_repository.go:238.2,238.16 1 1
famcscoin-backend/internal/repository/shop_repository.go:238.16,240.3 1 1
famcscoin-backend/internal/repository/shop_repository.go:242.2,243.16 2 1
famcscoin-backend/internal/repository/shop_repository.go:243.16,245.3 1 1
famcscoin-backend/internal/repository/shop_repository.go:247.2,247.23 1 1
famcscoin-backend/internal/repository/user_repository.go:27.59,29.2 1 1
famcscoin-backend/internal/repository/user_repository.go:31.91,37.16 5 1
famcscoin-backend/internal/repository/user_repository.go:37.16,38.27 1 1
famcscoin-backend/internal/repository/user_repository.go:38.27,40.4 1 1
famcscoin-backend/internal/repository/user_repository.go:41.3,41.18 1 1
famcscoin-backend/internal/repository/user_repository.go:43.2,43.16 1 1
famcscoin-backend/internal/repository/user_repository.go:46.83,53.2 3 1
famcscoin-backend/internal/repository/user_repository.go:55.113,59.2 3 1
famcscoin-backend/internal/repository/user_repository.go:61.87,65.2 3 1
famcscoin-backend/internal/repository/user_repository.go:67.111,69.24 2 1
famcscoin-backend/internal/repository/user_repository.go:69.24,71.3 1 0
famcscoin-backend/internal/repository/user_repository.go:73.2,75.16 3 1
famcscoin-backend/internal/repository/user_repository.go:75.16,77.3 1 1
famcscoin-backend/internal/repository/user_repository.go:78.2,81.18 3 1
famcscoin-backend/internal/repository/user_repository.go:81.18,83.116 2 1
famcscoin-backend/internal/repository/user_repository.go:83.116,85.12 2 1
famcscoin-backend/internal/repository/user_repository.go:87.3,87.27 1 1
famcscoin-backend/internal/repository/user_repository.go:89.2,89.19 1 1
famcscoin-backend/internal/repository/user_repository.go:92.123,94.15 2 1
famcscoin-backend/internal/repository/user_repository.go:94.15,96.17 2 1
famcscoin-backend/internal/repository/user_repository.go:96.17,98.4 1 1
famcscoin-backend/internal/repository/user_repository.go:99.8,101.17 2 1
famcscoin-backend/internal/repository/user_repository.go:101.17,103.4 1 1
famcscoin-backend/internal/repository/user_repository.go:105.2,105.12 1 1
famcscoin-backend/internal/repository/user_repository.go:108.111,110.16 2 1
famcscoin-backend/internal/repository/user_repository.go:110.16,112.3 1 1
famcscoin-backend/internal/repository/user_repository.go:113.2,118.16 4 1
famcscoin-backend/internal/repository/user_repository.go:118.16,120.3 1 1
famcscoin-backend/internal/repository/user_repository.go:122.2,122.32 1 1
famcscoin-backend/internal/repository/user_repository.go:122.32,124.3 1 1
famcscoin-backend/internal/repository/user_repository.go:126.2,127.16 2 1
famcscoin-backend/internal/repository/user_repository.go:127.16,129.3 1 1
famcscoin-backend/internal/repository/user_repository.go:131.2,132.16 2 1
famcscoin-backend/internal/repository/user_repository.go:132.16,134.3 1 1
famcscoin-backend/internal/repository/user_repository.go:136.2,136.23 1 1
famcscoin-backend/internal/handlers/admin.go:18.155,25.2 1 1
famcscoin-backend/internal/handlers/admin.go:27.75,32.61 2 1
famcscoin-backend/internal/handlers/admin.go:32.61,35.3 2 1
famcscoin-backend/internal/handlers/admin.go:37.2,37.75 1 1
famcscoin-backend/internal/handlers/admin.go:37.75,40.3 2 1
famcscoin-backend/internal/handlers/admin.go:42.2,43.16 2 1
famcscoin-backend/internal/handlers/admin.go:43.16,46.3 2 1
famcscoin-backend/internal/handlers/admin.go:48.2,48.30 1 1
famcscoin-backend/internal/handlers/admin.go:51.74,53.61 2 1
famcscoin-backend/internal/handlers/admin.go:53.61,56.3 2 1
famcscoin-backend/internal/handlers/admin.go:58.2,59.16 2 1
famcscoin-backend/internal/handlers/admin.go:59.16,62.3 2 1
famcscoin-backend/internal/handlers/admin.go:64.2,64.30 1 1
famcscoin-backend/internal/handlers/admin.go:67.73,72.61 2 1
famcscoin-backend/internal/handlers/admin.go:72.61,75.3 2 1
famcscoin-backend/internal/handlers/admin.go:77.2,78.16 2 1
famcscoin-backend/internal/handlers/admin.go:78.16,81.3 2 1
famcscoin-backend/internal/handlers/admin.go:83.2,83.30 1 1
famcscoin-backend/internal/handlers/admin.go:86.79,88.61 2 1
famcscoin-backend/internal/handlers/admin.go:88.61,91.3 2 1
famcscoin-backend/internal/handlers/admin.go:93.2,94.16 2 1
famcscoin-backend/internal/handlers/admin.go:94.16,97.3 2 1
famcscoin-backend/internal/handlers/admin.go:99.2,99.30 1 1
famcscoin-backend/internal/handlers/admin.go:102.79,106.61 2 1
famcscoin-backend/internal/handlers/admin.go:106.61,109.3 2 1
famcscoin-backend/internal/handlers/admin.go:111.2,112.16 2 1
famcscoin-backend/internal/handlers/admin.go:112.16,115.3 2 1
famcscoin-backend/internal/handlers/admin.go:117.2,117.30 1 1
famcscoin-backend/internal/handlers/admin.go:120.85,125.61 2 1
famcscoin-backend/internal/handlers/admin.go:125.61,128.3 2 1
famcscoin-backend/internal/handlers/admin.go:130.2,131.16 2 1
famcscoin-backend/internal/handlers/admin.go:131.16,134.3 2 1
famcscoin-backend/internal/handlers/admin.go:136.2,136.30 1 1
famcscoin-backend/internal/handlers/bets.go:14.63,16.2 1 1
famcscoin-backend/internal/handlers/bets.go:18.70,22.16 3 1
famcscoin-backend/internal/handlers/bets.go:22.16,25.3 2 1
famcscoin-backend/internal/handlers/bets.go:27.2,28.33 2 1
famcscoin-backend/internal/handlers/bets.go:31.71,33.9 2 1
famcscoin-backend/internal/handlers/bets.go:33.9,36.3 2 1
famcscoin-backend/internal/handlers/bets.go:38.2,43.61 2 1
famcscoin-backend/internal/handlers/bets.go:43.61,46.3 2 1
famcscoin-backend/internal/handlers/bets.go:48.2,49.16 2 1
famcscoin-backend/internal/handlers/bets.go:49.16,52.3 2 1
famcscoin-backend/internal/handlers/bets.go:54.2,55.62 2 1
famcscoin-backend/internal/handlers/clicker.go:14.76,16.2 1 1
famcscoin-backend/internal/handlers/clicker.go:18.72,20.9 2 1
famcscoin-backend/internal/handlers/clicker.go:20.9,23.3 2 1
famcscoin-backend/internal/handlers/clicker.go:25.2,28.61 2 1
famcscoin-backend/internal/handlers/clicker.go:28.61,31.3 2 1
famcscoin-backend/internal/handlers/clicker.go:34.2,34.40 1 1
famcscoin-backend/internal/handlers/clicker.go:34.40,37.3 2 1
famcscoin-backend/internal/handlers/clicker.go:40.2,44.16 4 1
famcscoin-backend/internal/handlers/clicker.go:44.16,45.43 1 1
famcscoin-backend/internal/handlers/clicker.go:45.43,48.4 2 1
famcscoin-backend/internal/handlers/clicker.go:49.3,50.9 2 1
famcscoin-backend/internal/handlers/clicker.go:53.2,54.62 2 1
famcscoin-backend/internal/handlers/feedback.go:14.78,16.2 1 1
famcscoin-backend/internal/handlers/feedback.go:18.80,20.16 2 1
famcscoin-backend/internal/handlers/feedback.go:20.16,23.3 2 1
famcscoin-backend/internal/handlers/feedback.go:25.2,26.38 2 1
famcscoin-backend/internal/handlers/feedback.go:29.82,31.9 2 1
famcscoin-backend/internal/handlers/feedback.go:31.9,34.3 2 1
famcscoin-backend/internal/handlers/feedback.go:36.2,39.61 2 1
famcscoin-backend/internal/handlers/feedback.go:39.61,42.3 2 1
famcscoin-backend/internal/handlers/feedback.go:44.2,45.16 2 1
famcscoin-backend/internal/handlers/feedback.go:45.16,48.3 2 1
famcscoin-backend/internal/handlers/feedback.go:50.2,51.62 2 1
famcscoin-backend/internal/handlers/leaderboard.go:15.84,17.2 1 1
famcscoin-backend/internal/handlers/leaderboard.go:19.85,22.45 3 1
famcscoin-backend/internal/handlers/leaderboard.go:22.45,24.3 1 1
famcscoin-backend/internal/handlers/leaderboard.go:26.2,27.24 2 1
famcscoin-backend/internal/handlers/leaderboard.go:27.24,29.3 1 1
famcscoin-backend/internal/handlers/leaderboard.go:31.2,32.16 2 1
famcscoin-backend/internal/handlers/leaderboard.go:32.16,35.3 2 1
famcscoin-backend/internal/handlers/leaderboard.go:37.2,38.34 2 1
famcscoin-backend/internal/handlers/shop.go:14.70,16.2 1 1
famcscoin-backend/internal/handlers/shop.go:18.72,20.9 2 1
famcscoin-backend/internal/handlers/shop.go:20.9,23.3 2 1
famcscoin-backend/internal/handlers/shop.go:25.2,26.16 2 1
famcscoin-backend/internal/handlers/shop.go:26.16,29.3 2 1
famcscoin-backend/internal/handlers/shop.go:31.2,32.34 2 1
famcscoin-backend/internal/handlers/shop.go:35.67,37.9 2 1
famcscoin-backend/internal/handlers/shop.go:37.9,40.3 2 1
famcscoin-backend/internal/handlers/shop.go:42.2,45.61 2 1
famcscoin-backend/internal/handlers/shop.go:45.61,48.3 2 1
famcscoin-backend/internal/handlers/shop.go:50.2,51.16 2 1
famcscoin-backend/internal/handlers/shop.go:51.16,54.3 2 1
famcscoin-backend/internal/handlers/shop.go:56.2,57.62 2 1
famcscoin-backend/internal/handlers/shop.go:60.68,62.9 2 1
famcscoin-backend/internal/handlers/shop.go:62.9,65.3 2 1
famcscoin-backend/internal/handlers/shop.go:67.2,70.61 2 1
famcscoin-backend/internal/handlers/shop.go:70.61,73.3 2 1
famcscoin-backend/internal/handlers/shop.go:75.2,76.16 2 1
famcscoin-backend/internal/handlers/shop.go:76.16,79.3 2 1
famcscoin-backend/internal/handlers/shop.go:81.2,82.62 2 1
famcscoin-backend/internal/handlers/user.go:14.70,16.2 1 1
famcscoin-backend/internal/handlers/user.go:18.74,20.9 2 1
famcscoin-backend/internal/handlers/user.go:20.9,23.3 2 1
famcscoin-backend/internal/handlers/user.go:25.2,26.31 2 1
famcscoin-backend/internal/handlers/user.go:26.31,29.3 2 1
famcscoin-backend/internal/handlers/user.go:31.2,32.33 2 1
famcscoin-backend/internal/handlers/user.go:35.78,37.9 2 1
famcscoin-backend/internal/handlers/user.go:37.9,40.3 2 1
famcscoin-backend/internal/handlers/user.go:42.2,46.61 2 1
famcscoin-backend/internal/handlers/user.go:46.61,49.3 2 1
famcscoin-backend/internal/handlers/user.go:51.2,52.16 2 1
famcscoin-backend/internal/handlers/user.go:52.16,55.3 2 1
famcscoin-backend/internal/handlers/user.go:57.2,58.62 2 1
famcscoin-backend/internal/handlers/ws.go:12.42,14.3 1 1
famcscoin-backend/internal/handlers/ws.go:17.54,19.16 2 1
famcscoin-backend/internal/handlers/ws.go:19.16,22.3 2 0
famcscoin-backend/internal/handlers/ws.go:23.2,26.15 2 1
famcscoin-backend/internal/handlers/ws.go:26.15,28.3 1 0
famcscoin-backend/internal/handlers/ws.go:30.2,30.6 1 0
famcscoin-backend/internal/handlers/ws.go:30.6,32.17 2 0
famcscoin-backend/internal/handlers/ws.go:32.17,33.9 1 0
